[0.386s] DEBUG:colcon:Command line arguments: ['/usr/bin/colcon', 'build']
[0.386s] DEBUG:colcon:Parsed command line arguments: Namespace(log_base=None, log_level=None, verb_name='build', build_base='build', install_base='install', merge_install=False, symlink_install=False, test_result_base=None, continue_on_error=False, executor='parallel', parallel_workers=4, event_handlers=None, ignore_user_meta=False, metas=['./colcon.meta'], base_paths=['.'], packages_ignore=None, packages_ignore_regex=None, paths=None, packages_up_to=None, packages_up_to_regex=None, packages_above=None, packages_above_and_dependencies=None, packages_above_depth=None, packages_select_by_dep=None, packages_skip_by_dep=None, packages_skip_up_to=None, packages_select_build_failed=False, packages_skip_build_finished=False, packages_select_test_failures=False, packages_skip_test_passed=False, packages_select=None, packages_skip=None, packages_select_regex=None, packages_skip_regex=None, packages_start=None, packages_end=None, allow_overriding=[], cmake_args=None, cmake_target=None, cmake_target_skip_unavailable=False, cmake_clean_cache=False, cmake_clean_first=False, cmake_force_configure=False, ament_cmake_args=None, catkin_cmake_args=None, catkin_skip_building_tests=False, verb_parser=<colcon_defaults.argument_parser.defaults.DefaultArgumentsDecorator object at 0xffffa78c2470>, verb_extension=<colcon_core.verb.build.BuildVerb object at 0xffffa7c8f940>, main=<bound method BuildVerb.main of <colcon_core.verb.build.BuildVerb object at 0xffffa7c8f940>>)
[0.946s] Level 1:colcon.colcon_core.package_discovery:discover_packages(colcon_meta) check parameters
[0.947s] Level 1:colcon.colcon_core.package_discovery:discover_packages(recursive) check parameters
[0.947s] Level 1:colcon.colcon_core.package_discovery:discover_packages(ignore) check parameters
[0.947s] Level 1:colcon.colcon_core.package_discovery:discover_packages(path) check parameters
[0.947s] Level 1:colcon.colcon_core.package_discovery:discover_packages(colcon_meta) discover
[0.947s] Level 1:colcon.colcon_core.package_discovery:discover_packages(recursive) discover
[0.948s] INFO:colcon.colcon_core.package_discovery:Crawling recursively for packages in '/opt/robot'
[0.948s] Level 1:colcon.colcon_core.package_identification:_identify(.) by extensions ['ignore', 'ignore_ament_install']
[0.949s] Level 1:colcon.colcon_core.package_identification:_identify(.) by extension 'ignore'
[0.949s] Level 1:colcon.colcon_core.package_identification:_identify(.) by extension 'ignore_ament_install'
[0.949s] Level 1:colcon.colcon_core.package_identification:_identify(.) by extensions ['colcon_pkg']
[0.949s] Level 1:colcon.colcon_core.package_identification:_identify(.) by extension 'colcon_pkg'
[0.949s] Level 1:colcon.colcon_core.package_identification:_identify(.) by extensions ['colcon_meta']
[0.950s] Level 1:colcon.colcon_core.package_identification:_identify(.) by extension 'colcon_meta'
[0.950s] Level 1:colcon.colcon_core.package_identification:_identify(.) by extensions ['ros']
[0.950s] Level 1:colcon.colcon_core.package_identification:_identify(.) by extension 'ros'
[0.992s] Level 1:colcon.colcon_core.package_identification:_identify(.) by extensions ['cmake', 'python']
[0.993s] Level 1:colcon.colcon_core.package_identification:_identify(.) by extension 'cmake'
[0.993s] Level 1:colcon.colcon_core.package_identification:_identify(.) by extension 'python'
[0.993s] Level 1:colcon.colcon_core.package_identification:_identify(.) by extensions ['python_setup_py']
[0.993s] Level 1:colcon.colcon_core.package_identification:_identify(.) by extension 'python_setup_py'
[0.994s] Level 1:colcon.colcon_core.package_identification:_identify(Repos) by extensions ['ignore', 'ignore_ament_install']
[0.994s] Level 1:colcon.colcon_core.package_identification:_identify(Repos) by extension 'ignore'
[0.994s] Level 1:colcon.colcon_core.package_identification:_identify(Repos) by extension 'ignore_ament_install'
[0.995s] Level 1:colcon.colcon_core.package_identification:_identify(Repos) by extensions ['colcon_pkg']
[0.995s] Level 1:colcon.colcon_core.package_identification:_identify(Repos) by extension 'colcon_pkg'
[0.995s] Level 1:colcon.colcon_core.package_identification:_identify(Repos) by extensions ['colcon_meta']
[0.995s] Level 1:colcon.colcon_core.package_identification:_identify(Repos) by extension 'colcon_meta'
[0.995s] Level 1:colcon.colcon_core.package_identification:_identify(Repos) by extensions ['ros']
[0.995s] Level 1:colcon.colcon_core.package_identification:_identify(Repos) by extension 'ros'
[0.996s] Level 1:colcon.colcon_core.package_identification:_identify(Repos) by extensions ['cmake', 'python']
[0.996s] Level 1:colcon.colcon_core.package_identification:_identify(Repos) by extension 'cmake'
[0.996s] Level 1:colcon.colcon_core.package_identification:_identify(Repos) by extension 'python'
[0.996s] Level 1:colcon.colcon_core.package_identification:_identify(Repos) by extensions ['python_setup_py']
[0.996s] Level 1:colcon.colcon_core.package_identification:_identify(Repos) by extension 'python_setup_py'
[0.997s] Level 1:colcon.colcon_core.package_identification:_identify(Repos/aesir) by extensions ['ignore', 'ignore_ament_install']
[0.997s] Level 1:colcon.colcon_core.package_identification:_identify(Repos/aesir) by extension 'ignore'
[0.997s] Level 1:colcon.colcon_core.package_identification:_identify(Repos/aesir) by extension 'ignore_ament_install'
[0.998s] Level 1:colcon.colcon_core.package_identification:_identify(Repos/aesir) by extensions ['colcon_pkg']
[0.998s] Level 1:colcon.colcon_core.package_identification:_identify(Repos/aesir) by extension 'colcon_pkg'
[0.998s] Level 1:colcon.colcon_core.package_identification:_identify(Repos/aesir) by extensions ['colcon_meta']
[0.998s] Level 1:colcon.colcon_core.package_identification:_identify(Repos/aesir) by extension 'colcon_meta'
[0.998s] Level 1:colcon.colcon_core.package_identification:_identify(Repos/aesir) by extensions ['ros']
[0.998s] Level 1:colcon.colcon_core.package_identification:_identify(Repos/aesir) by extension 'ros'
[0.999s] Level 1:colcon.colcon_core.package_identification:_identify(Repos/aesir) by extensions ['cmake', 'python']
[0.999s] Level 1:colcon.colcon_core.package_identification:_identify(Repos/aesir) by extension 'cmake'
[0.999s] Level 1:colcon.colcon_core.package_identification:_identify(Repos/aesir) by extension 'python'
[0.999s] Level 1:colcon.colcon_core.package_identification:_identify(Repos/aesir) by extensions ['python_setup_py']
[0.999s] Level 1:colcon.colcon_core.package_identification:_identify(Repos/aesir) by extension 'python_setup_py'
[1.000s] Level 1:colcon.colcon_core.package_identification:_identify(Repos/aesir/cloudfare) by extensions ['ignore', 'ignore_ament_install']
[1.000s] Level 1:colcon.colcon_core.package_identification:_identify(Repos/aesir/cloudfare) by extension 'ignore'
[1.000s] Level 1:colcon.colcon_core.package_identification:_identify(Repos/aesir/cloudfare) by extension 'ignore_ament_install'
[1.001s] Level 1:colcon.colcon_core.package_identification:_identify(Repos/aesir/cloudfare) by extensions ['colcon_pkg']
[1.001s] Level 1:colcon.colcon_core.package_identification:_identify(Repos/aesir/cloudfare) by extension 'colcon_pkg'
[1.001s] Level 1:colcon.colcon_core.package_identification:_identify(Repos/aesir/cloudfare) by extensions ['colcon_meta']
[1.001s] Level 1:colcon.colcon_core.package_identification:_identify(Repos/aesir/cloudfare) by extension 'colcon_meta'
[1.001s] Level 1:colcon.colcon_core.package_identification:_identify(Repos/aesir/cloudfare) by extensions ['ros']
[1.001s] Level 1:colcon.colcon_core.package_identification:_identify(Repos/aesir/cloudfare) by extension 'ros'
[1.002s] Level 1:colcon.colcon_core.package_identification:_identify(Repos/aesir/cloudfare) by extensions ['cmake', 'python']
[1.002s] Level 1:colcon.colcon_core.package_identification:_identify(Repos/aesir/cloudfare) by extension 'cmake'
[1.002s] Level 1:colcon.colcon_core.package_identification:_identify(Repos/aesir/cloudfare) by extension 'python'
[1.002s] Level 1:colcon.colcon_core.package_identification:_identify(Repos/aesir/cloudfare) by extensions ['python_setup_py']
[1.003s] Level 1:colcon.colcon_core.package_identification:_identify(Repos/aesir/cloudfare) by extension 'python_setup_py'
[1.003s] Level 1:colcon.colcon_core.package_identification:_identify(Repos/aesir/docs) by extensions ['ignore', 'ignore_ament_install']
[1.003s] Level 1:colcon.colcon_core.package_identification:_identify(Repos/aesir/docs) by extension 'ignore'
[1.004s] Level 1:colcon.colcon_core.package_identification:_identify(Repos/aesir/docs) by extension 'ignore_ament_install'
[1.004s] Level 1:colcon.colcon_core.package_identification:_identify(Repos/aesir/docs) by extensions ['colcon_pkg']
[1.004s] Level 1:colcon.colcon_core.package_identification:_identify(Repos/aesir/docs) by extension 'colcon_pkg'
[1.004s] Level 1:colcon.colcon_core.package_identification:_identify(Repos/aesir/docs) by extensions ['colcon_meta']
[1.004s] Level 1:colcon.colcon_core.package_identification:_identify(Repos/aesir/docs) by extension 'colcon_meta'
[1.004s] Level 1:colcon.colcon_core.package_identification:_identify(Repos/aesir/docs) by extensions ['ros']
[1.005s] Level 1:colcon.colcon_core.package_identification:_identify(Repos/aesir/docs) by extension 'ros'
[1.005s] Level 1:colcon.colcon_core.package_identification:_identify(Repos/aesir/docs) by extensions ['cmake', 'python']
[1.005s] Level 1:colcon.colcon_core.package_identification:_identify(Repos/aesir/docs) by extension 'cmake'
[1.005s] Level 1:colcon.colcon_core.package_identification:_identify(Repos/aesir/docs) by extension 'python'
[1.005s] Level 1:colcon.colcon_core.package_identification:_identify(Repos/aesir/docs) by extensions ['python_setup_py']
[1.005s] Level 1:colcon.colcon_core.package_identification:_identify(Repos/aesir/docs) by extension 'python_setup_py'
[1.006s] Level 1:colcon.colcon_core.package_identification:_identify(Repos/aesir/workspace) by extensions ['ignore', 'ignore_ament_install']
[1.006s] Level 1:colcon.colcon_core.package_identification:_identify(Repos/aesir/workspace) by extension 'ignore'
[1.006s] Level 1:colcon.colcon_core.package_identification:_identify(Repos/aesir/workspace) by extension 'ignore_ament_install'
[1.007s] Level 1:colcon.colcon_core.package_identification:_identify(Repos/aesir/workspace) by extensions ['colcon_pkg']
[1.007s] Level 1:colcon.colcon_core.package_identification:_identify(Repos/aesir/workspace) by extension 'colcon_pkg'
[1.007s] Level 1:colcon.colcon_core.package_identification:_identify(Repos/aesir/workspace) by extensions ['colcon_meta']
[1.007s] Level 1:colcon.colcon_core.package_identification:_identify(Repos/aesir/workspace) by extension 'colcon_meta'
[1.007s] Level 1:colcon.colcon_core.package_identification:_identify(Repos/aesir/workspace) by extensions ['ros']
[1.007s] Level 1:colcon.colcon_core.package_identification:_identify(Repos/aesir/workspace) by extension 'ros'
[1.008s] Level 1:colcon.colcon_core.package_identification:_identify(Repos/aesir/workspace) by extensions ['cmake', 'python']
[1.008s] Level 1:colcon.colcon_core.package_identification:_identify(Repos/aesir/workspace) by extension 'cmake'
[1.008s] Level 1:colcon.colcon_core.package_identification:_identify(Repos/aesir/workspace) by extension 'python'
[1.008s] Level 1:colcon.colcon_core.package_identification:_identify(Repos/aesir/workspace) by extensions ['python_setup_py']
[1.008s] Level 1:colcon.colcon_core.package_identification:_identify(Repos/aesir/workspace) by extension 'python_setup_py'
[1.009s] Level 1:colcon.colcon_core.package_identification:_identify(Repos/aesir/workspace/src) by extensions ['ignore', 'ignore_ament_install']
[1.009s] Level 1:colcon.colcon_core.package_identification:_identify(Repos/aesir/workspace/src) by extension 'ignore'
[1.009s] Level 1:colcon.colcon_core.package_identification:_identify(Repos/aesir/workspace/src) by extension 'ignore_ament_install'
[1.010s] Level 1:colcon.colcon_core.package_identification:_identify(Repos/aesir/workspace/src) by extensions ['colcon_pkg']
[1.010s] Level 1:colcon.colcon_core.package_identification:_identify(Repos/aesir/workspace/src) by extension 'colcon_pkg'
[1.010s] Level 1:colcon.colcon_core.package_identification:_identify(Repos/aesir/workspace/src) by extensions ['colcon_meta']
[1.010s] Level 1:colcon.colcon_core.package_identification:_identify(Repos/aesir/workspace/src) by extension 'colcon_meta'
[1.010s] Level 1:colcon.colcon_core.package_identification:_identify(Repos/aesir/workspace/src) by extensions ['ros']
[1.010s] Level 1:colcon.colcon_core.package_identification:_identify(Repos/aesir/workspace/src) by extension 'ros'
[1.011s] Level 1:colcon.colcon_core.package_identification:_identify(Repos/aesir/workspace/src) by extensions ['cmake', 'python']
[1.011s] Level 1:colcon.colcon_core.package_identification:_identify(Repos/aesir/workspace/src) by extension 'cmake'
[1.011s] Level 1:colcon.colcon_core.package_identification:_identify(Repos/aesir/workspace/src) by extension 'python'
[1.011s] Level 1:colcon.colcon_core.package_identification:_identify(Repos/aesir/workspace/src) by extensions ['python_setup_py']
[1.011s] Level 1:colcon.colcon_core.package_identification:_identify(Repos/aesir/workspace/src) by extension 'python_setup_py'
[1.012s] Level 1:colcon.colcon_core.package_identification:_identify(Repos/aesir/workspace/src/hardware) by extensions ['ignore', 'ignore_ament_install']
[1.012s] Level 1:colcon.colcon_core.package_identification:_identify(Repos/aesir/workspace/src/hardware) by extension 'ignore'
[1.013s] Level 1:colcon.colcon_core.package_identification:_identify(Repos/aesir/workspace/src/hardware) by extension 'ignore_ament_install'
[1.013s] Level 1:colcon.colcon_core.package_identification:_identify(Repos/aesir/workspace/src/hardware) by extensions ['colcon_pkg']
[1.013s] Level 1:colcon.colcon_core.package_identification:_identify(Repos/aesir/workspace/src/hardware) by extension 'colcon_pkg'
[1.013s] Level 1:colcon.colcon_core.package_identification:_identify(Repos/aesir/workspace/src/hardware) by extensions ['colcon_meta']
[1.013s] Level 1:colcon.colcon_core.package_identification:_identify(Repos/aesir/workspace/src/hardware) by extension 'colcon_meta'
[1.014s] Level 1:colcon.colcon_core.package_identification:_identify(Repos/aesir/workspace/src/hardware) by extensions ['ros']
[1.014s] Level 1:colcon.colcon_core.package_identification:_identify(Repos/aesir/workspace/src/hardware) by extension 'ros'
[1.025s] DEBUG:colcon.colcon_core.package_identification:Package 'Repos/aesir/workspace/src/hardware' with type 'ros.ament_cmake' and name 'hardware'
[1.026s] Level 1:colcon.colcon_core.package_identification:_identify(Repos/aesir/workspace/src/mapping) by extensions ['ignore', 'ignore_ament_install']
[1.026s] Level 1:colcon.colcon_core.package_identification:_identify(Repos/aesir/workspace/src/mapping) by extension 'ignore'
[1.026s] Level 1:colcon.colcon_core.package_identification:_identify(Repos/aesir/workspace/src/mapping) by extension 'ignore_ament_install'
[1.027s] Level 1:colcon.colcon_core.package_identification:_identify(Repos/aesir/workspace/src/mapping) by extensions ['colcon_pkg']
[1.027s] Level 1:colcon.colcon_core.package_identification:_identify(Repos/aesir/workspace/src/mapping) by extension 'colcon_pkg'
[1.027s] Level 1:colcon.colcon_core.package_identification:_identify(Repos/aesir/workspace/src/mapping) by extensions ['colcon_meta']
[1.027s] Level 1:colcon.colcon_core.package_identification:_identify(Repos/aesir/workspace/src/mapping) by extension 'colcon_meta'
[1.027s] Level 1:colcon.colcon_core.package_identification:_identify(Repos/aesir/workspace/src/mapping) by extensions ['ros']
[1.028s] Level 1:colcon.colcon_core.package_identification:_identify(Repos/aesir/workspace/src/mapping) by extension 'ros'
[1.034s] DEBUG:colcon.colcon_core.package_identification:Package 'Repos/aesir/workspace/src/mapping' with type 'ros.ament_cmake' and name 'mapping'
[1.035s] Level 1:colcon.colcon_core.package_identification:_identify(Repos/aesir/workspace/src/teleoperation) by extensions ['ignore', 'ignore_ament_install']
[1.035s] Level 1:colcon.colcon_core.package_identification:_identify(Repos/aesir/workspace/src/teleoperation) by extension 'ignore'
[1.036s] Level 1:colcon.colcon_core.package_identification:_identify(Repos/aesir/workspace/src/teleoperation) by extension 'ignore_ament_install'
[1.036s] Level 1:colcon.colcon_core.package_identification:_identify(Repos/aesir/workspace/src/teleoperation) by extensions ['colcon_pkg']
[1.036s] Level 1:colcon.colcon_core.package_identification:_identify(Repos/aesir/workspace/src/teleoperation) by extension 'colcon_pkg'
[1.036s] Level 1:colcon.colcon_core.package_identification:_identify(Repos/aesir/workspace/src/teleoperation) by extensions ['colcon_meta']
[1.036s] Level 1:colcon.colcon_core.package_identification:_identify(Repos/aesir/workspace/src/teleoperation) by extension 'colcon_meta'
[1.037s] Level 1:colcon.colcon_core.package_identification:_identify(Repos/aesir/workspace/src/teleoperation) by extensions ['ros']
[1.037s] Level 1:colcon.colcon_core.package_identification:_identify(Repos/aesir/workspace/src/teleoperation) by extension 'ros'
[1.041s] DEBUG:colcon.colcon_core.package_identification:Package 'Repos/aesir/workspace/src/teleoperation' with type 'ros.ament_cmake' and name 'teleoperation'
[1.041s] Level 1:colcon.colcon_core.package_identification:_identify(Repos/aesir/workspace/src/vision) by extensions ['ignore', 'ignore_ament_install']
[1.042s] Level 1:colcon.colcon_core.package_identification:_identify(Repos/aesir/workspace/src/vision) by extension 'ignore'
[1.042s] Level 1:colcon.colcon_core.package_identification:_identify(Repos/aesir/workspace/src/vision) by extension 'ignore_ament_install'
[1.042s] Level 1:colcon.colcon_core.package_identification:_identify(Repos/aesir/workspace/src/vision) by extensions ['colcon_pkg']
[1.043s] Level 1:colcon.colcon_core.package_identification:_identify(Repos/aesir/workspace/src/vision) by extension 'colcon_pkg'
[1.043s] Level 1:colcon.colcon_core.package_identification:_identify(Repos/aesir/workspace/src/vision) by extensions ['colcon_meta']
[1.043s] Level 1:colcon.colcon_core.package_identification:_identify(Repos/aesir/workspace/src/vision) by extension 'colcon_meta'
[1.043s] Level 1:colcon.colcon_core.package_identification:_identify(Repos/aesir/workspace/src/vision) by extensions ['ros']
[1.043s] Level 1:colcon.colcon_core.package_identification:_identify(Repos/aesir/workspace/src/vision) by extension 'ros'
[1.047s] DEBUG:colcon.colcon_core.package_identification:Package 'Repos/aesir/workspace/src/vision' with type 'ros.ament_cmake' and name 'vision'
[1.048s] Level 1:colcon.colcon_core.package_identification:_identify(Repos/microcontroladores) by extensions ['ignore', 'ignore_ament_install']
[1.048s] Level 1:colcon.colcon_core.package_identification:_identify(Repos/microcontroladores) by extension 'ignore'
[1.048s] Level 1:colcon.colcon_core.package_identification:_identify(Repos/microcontroladores) by extension 'ignore_ament_install'
[1.049s] Level 1:colcon.colcon_core.package_identification:_identify(Repos/microcontroladores) by extensions ['colcon_pkg']
[1.049s] Level 1:colcon.colcon_core.package_identification:_identify(Repos/microcontroladores) by extension 'colcon_pkg'
[1.049s] Level 1:colcon.colcon_core.package_identification:_identify(Repos/microcontroladores) by extensions ['colcon_meta']
[1.049s] Level 1:colcon.colcon_core.package_identification:_identify(Repos/microcontroladores) by extension 'colcon_meta'
[1.049s] Level 1:colcon.colcon_core.package_identification:_identify(Repos/microcontroladores) by extensions ['ros']
[1.050s] Level 1:colcon.colcon_core.package_identification:_identify(Repos/microcontroladores) by extension 'ros'
[1.050s] Level 1:colcon.colcon_core.package_identification:_identify(Repos/microcontroladores) by extensions ['cmake', 'python']
[1.050s] Level 1:colcon.colcon_core.package_identification:_identify(Repos/microcontroladores) by extension 'cmake'
[1.050s] Level 1:colcon.colcon_core.package_identification:_identify(Repos/microcontroladores) by extension 'python'
[1.050s] Level 1:colcon.colcon_core.package_identification:_identify(Repos/microcontroladores) by extensions ['python_setup_py']
[1.051s] Level 1:colcon.colcon_core.package_identification:_identify(Repos/microcontroladores) by extension 'python_setup_py'
[1.051s] Level 1:colcon.colcon_core.package_identification:_identify(Repos/microcontroladores/Micro) by extensions ['ignore', 'ignore_ament_install']
[1.052s] Level 1:colcon.colcon_core.package_identification:_identify(Repos/microcontroladores/Micro) by extension 'ignore'
[1.052s] Level 1:colcon.colcon_core.package_identification:_identify(Repos/microcontroladores/Micro) by extension 'ignore_ament_install'
[1.052s] Level 1:colcon.colcon_core.package_identification:_identify(Repos/microcontroladores/Micro) by extensions ['colcon_pkg']
[1.052s] Level 1:colcon.colcon_core.package_identification:_identify(Repos/microcontroladores/Micro) by extension 'colcon_pkg'
[1.052s] Level 1:colcon.colcon_core.package_identification:_identify(Repos/microcontroladores/Micro) by extensions ['colcon_meta']
[1.052s] Level 1:colcon.colcon_core.package_identification:_identify(Repos/microcontroladores/Micro) by extension 'colcon_meta'
[1.053s] Level 1:colcon.colcon_core.package_identification:_identify(Repos/microcontroladores/Micro) by extensions ['ros']
[1.053s] Level 1:colcon.colcon_core.package_identification:_identify(Repos/microcontroladores/Micro) by extension 'ros'
[1.053s] Level 1:colcon.colcon_core.package_identification:_identify(Repos/microcontroladores/Micro) by extensions ['cmake', 'python']
[1.053s] Level 1:colcon.colcon_core.package_identification:_identify(Repos/microcontroladores/Micro) by extension 'cmake'
[1.053s] Level 1:colcon.colcon_core.package_identification:_identify(Repos/microcontroladores/Micro) by extension 'python'
[1.054s] Level 1:colcon.colcon_core.package_identification:_identify(Repos/microcontroladores/Micro) by extensions ['python_setup_py']
[1.054s] Level 1:colcon.colcon_core.package_identification:_identify(Repos/microcontroladores/Micro) by extension 'python_setup_py'
[1.054s] Level 1:colcon.colcon_core.package_identification:_identify(Repos/testpwd) by extensions ['ignore', 'ignore_ament_install']
[1.055s] Level 1:colcon.colcon_core.package_identification:_identify(Repos/testpwd) by extension 'ignore'
[1.055s] Level 1:colcon.colcon_core.package_identification:_identify(Repos/testpwd) by extension 'ignore_ament_install'
[1.055s] Level 1:colcon.colcon_core.package_identification:_identify(Repos/testpwd) by extensions ['colcon_pkg']
[1.055s] Level 1:colcon.colcon_core.package_identification:_identify(Repos/testpwd) by extension 'colcon_pkg'
[1.055s] Level 1:colcon.colcon_core.package_identification:_identify(Repos/testpwd) by extensions ['colcon_meta']
[1.056s] Level 1:colcon.colcon_core.package_identification:_identify(Repos/testpwd) by extension 'colcon_meta'
[1.056s] Level 1:colcon.colcon_core.package_identification:_identify(Repos/testpwd) by extensions ['ros']
[1.056s] Level 1:colcon.colcon_core.package_identification:_identify(Repos/testpwd) by extension 'ros'
[1.056s] Level 1:colcon.colcon_core.package_identification:_identify(Repos/testpwd) by extensions ['cmake', 'python']
[1.056s] Level 1:colcon.colcon_core.package_identification:_identify(Repos/testpwd) by extension 'cmake'
[1.057s] Level 1:colcon.colcon_core.package_identification:_identify(Repos/testpwd) by extension 'python'
[1.057s] Level 1:colcon.colcon_core.package_identification:_identify(Repos/testpwd) by extensions ['python_setup_py']
[1.057s] Level 1:colcon.colcon_core.package_identification:_identify(Repos/testpwd) by extension 'python_setup_py'
[1.057s] Level 1:colcon.colcon_core.package_identification:_identify(Repos/testpwd/docs) by extensions ['ignore', 'ignore_ament_install']
[1.058s] Level 1:colcon.colcon_core.package_identification:_identify(Repos/testpwd/docs) by extension 'ignore'
[1.058s] Level 1:colcon.colcon_core.package_identification:_identify(Repos/testpwd/docs) by extension 'ignore_ament_install'
[1.058s] Level 1:colcon.colcon_core.package_identification:_identify(Repos/testpwd/docs) by extensions ['colcon_pkg']
[1.058s] Level 1:colcon.colcon_core.package_identification:_identify(Repos/testpwd/docs) by extension 'colcon_pkg'
[1.059s] Level 1:colcon.colcon_core.package_identification:_identify(Repos/testpwd/docs) by extensions ['colcon_meta']
[1.059s] Level 1:colcon.colcon_core.package_identification:_identify(Repos/testpwd/docs) by extension 'colcon_meta'
[1.059s] Level 1:colcon.colcon_core.package_identification:_identify(Repos/testpwd/docs) by extensions ['ros']
[1.059s] Level 1:colcon.colcon_core.package_identification:_identify(Repos/testpwd/docs) by extension 'ros'
[1.060s] Level 1:colcon.colcon_core.package_identification:_identify(Repos/testpwd/docs) by extensions ['cmake', 'python']
[1.060s] Level 1:colcon.colcon_core.package_identification:_identify(Repos/testpwd/docs) by extension 'cmake'
[1.060s] Level 1:colcon.colcon_core.package_identification:_identify(Repos/testpwd/docs) by extension 'python'
[1.060s] Level 1:colcon.colcon_core.package_identification:_identify(Repos/testpwd/docs) by extensions ['python_setup_py']
[1.060s] Level 1:colcon.colcon_core.package_identification:_identify(Repos/testpwd/docs) by extension 'python_setup_py'
[1.061s] Level 1:colcon.colcon_core.package_identification:_identify(Repos/testpwd/workspace) by extensions ['ignore', 'ignore_ament_install']
[1.061s] Level 1:colcon.colcon_core.package_identification:_identify(Repos/testpwd/workspace) by extension 'ignore'
[1.061s] Level 1:colcon.colcon_core.package_identification:_identify(Repos/testpwd/workspace) by extension 'ignore_ament_install'
[1.061s] Level 1:colcon.colcon_core.package_identification:_identify(Repos/testpwd/workspace) by extensions ['colcon_pkg']
[1.062s] Level 1:colcon.colcon_core.package_identification:_identify(Repos/testpwd/workspace) by extension 'colcon_pkg'
[1.062s] Level 1:colcon.colcon_core.package_identification:_identify(Repos/testpwd/workspace) by extensions ['colcon_meta']
[1.062s] Level 1:colcon.colcon_core.package_identification:_identify(Repos/testpwd/workspace) by extension 'colcon_meta'
[1.062s] Level 1:colcon.colcon_core.package_identification:_identify(Repos/testpwd/workspace) by extensions ['ros']
[1.062s] Level 1:colcon.colcon_core.package_identification:_identify(Repos/testpwd/workspace) by extension 'ros'
[1.063s] Level 1:colcon.colcon_core.package_identification:_identify(Repos/testpwd/workspace) by extensions ['cmake', 'python']
[1.063s] Level 1:colcon.colcon_core.package_identification:_identify(Repos/testpwd/workspace) by extension 'cmake'
[1.063s] Level 1:colcon.colcon_core.package_identification:_identify(Repos/testpwd/workspace) by extension 'python'
[1.063s] Level 1:colcon.colcon_core.package_identification:_identify(Repos/testpwd/workspace) by extensions ['python_setup_py']
[1.063s] Level 1:colcon.colcon_core.package_identification:_identify(Repos/testpwd/workspace) by extension 'python_setup_py'
[1.064s] Level 1:colcon.colcon_core.package_identification:_identify(Repos/testpwd/workspace/build) by extensions ['ignore', 'ignore_ament_install']
[1.064s] Level 1:colcon.colcon_core.package_identification:_identify(Repos/testpwd/workspace/build) by extension 'ignore'
[1.064s] Level 1:colcon.colcon_core.package_identification:_identify(Repos/testpwd/workspace/build) ignored
[1.065s] Level 1:colcon.colcon_core.package_identification:_identify(Repos/testpwd/workspace/install) by extensions ['ignore', 'ignore_ament_install']
[1.065s] Level 1:colcon.colcon_core.package_identification:_identify(Repos/testpwd/workspace/install) by extension 'ignore'
[1.066s] Level 1:colcon.colcon_core.package_identification:_identify(Repos/testpwd/workspace/install) ignored
[1.066s] Level 1:colcon.colcon_core.package_identification:_identify(Repos/testpwd/workspace/log) by extensions ['ignore', 'ignore_ament_install']
[1.067s] Level 1:colcon.colcon_core.package_identification:_identify(Repos/testpwd/workspace/log) by extension 'ignore'
[1.067s] Level 1:colcon.colcon_core.package_identification:_identify(Repos/testpwd/workspace/log) ignored
[1.067s] Level 1:colcon.colcon_core.package_identification:_identify(Repos/testpwd/workspace/src) by extensions ['ignore', 'ignore_ament_install']
[1.068s] Level 1:colcon.colcon_core.package_identification:_identify(Repos/testpwd/workspace/src) by extension 'ignore'
[1.068s] Level 1:colcon.colcon_core.package_identification:_identify(Repos/testpwd/workspace/src) by extension 'ignore_ament_install'
[1.068s] Level 1:colcon.colcon_core.package_identification:_identify(Repos/testpwd/workspace/src) by extensions ['colcon_pkg']
[1.068s] Level 1:colcon.colcon_core.package_identification:_identify(Repos/testpwd/workspace/src) by extension 'colcon_pkg'
[1.068s] Level 1:colcon.colcon_core.package_identification:_identify(Repos/testpwd/workspace/src) by extensions ['colcon_meta']
[1.068s] Level 1:colcon.colcon_core.package_identification:_identify(Repos/testpwd/workspace/src) by extension 'colcon_meta'
[1.069s] Level 1:colcon.colcon_core.package_identification:_identify(Repos/testpwd/workspace/src) by extensions ['ros']
[1.069s] Level 1:colcon.colcon_core.package_identification:_identify(Repos/testpwd/workspace/src) by extension 'ros'
[1.069s] Level 1:colcon.colcon_core.package_identification:_identify(Repos/testpwd/workspace/src) by extensions ['cmake', 'python']
[1.069s] Level 1:colcon.colcon_core.package_identification:_identify(Repos/testpwd/workspace/src) by extension 'cmake'
[1.069s] Level 1:colcon.colcon_core.package_identification:_identify(Repos/testpwd/workspace/src) by extension 'python'
[1.070s] Level 1:colcon.colcon_core.package_identification:_identify(Repos/testpwd/workspace/src) by extensions ['python_setup_py']
[1.070s] Level 1:colcon.colcon_core.package_identification:_identify(Repos/testpwd/workspace/src) by extension 'python_setup_py'
[1.070s] Level 1:colcon.colcon_core.package_identification:_identify(Repos/testpwd/workspace/src/hardware) by extensions ['ignore', 'ignore_ament_install']
[1.071s] Level 1:colcon.colcon_core.package_identification:_identify(Repos/testpwd/workspace/src/hardware) by extension 'ignore'
[1.071s] Level 1:colcon.colcon_core.package_identification:_identify(Repos/testpwd/workspace/src/hardware) by extension 'ignore_ament_install'
[1.071s] Level 1:colcon.colcon_core.package_identification:_identify(Repos/testpwd/workspace/src/hardware) by extensions ['colcon_pkg']
[1.071s] Level 1:colcon.colcon_core.package_identification:_identify(Repos/testpwd/workspace/src/hardware) by extension 'colcon_pkg'
[1.071s] Level 1:colcon.colcon_core.package_identification:_identify(Repos/testpwd/workspace/src/hardware) by extensions ['colcon_meta']
[1.071s] Level 1:colcon.colcon_core.package_identification:_identify(Repos/testpwd/workspace/src/hardware) by extension 'colcon_meta'
[1.072s] Level 1:colcon.colcon_core.package_identification:_identify(Repos/testpwd/workspace/src/hardware) by extensions ['ros']
[1.072s] Level 1:colcon.colcon_core.package_identification:_identify(Repos/testpwd/workspace/src/hardware) by extension 'ros'
[1.076s] DEBUG:colcon.colcon_core.package_identification:Package 'Repos/testpwd/workspace/src/hardware' with type 'ros.ament_cmake' and name 'hardware'
[1.077s] Level 1:colcon.colcon_core.package_identification:_identify(Repos/testpwd/workspace/src/teleoperation) by extensions ['ignore', 'ignore_ament_install']
[1.077s] Level 1:colcon.colcon_core.package_identification:_identify(Repos/testpwd/workspace/src/teleoperation) by extension 'ignore'
[1.077s] Level 1:colcon.colcon_core.package_identification:_identify(Repos/testpwd/workspace/src/teleoperation) by extension 'ignore_ament_install'
[1.078s] Level 1:colcon.colcon_core.package_identification:_identify(Repos/testpwd/workspace/src/teleoperation) by extensions ['colcon_pkg']
[1.078s] Level 1:colcon.colcon_core.package_identification:_identify(Repos/testpwd/workspace/src/teleoperation) by extension 'colcon_pkg'
[1.078s] Level 1:colcon.colcon_core.package_identification:_identify(Repos/testpwd/workspace/src/teleoperation) by extensions ['colcon_meta']
[1.078s] Level 1:colcon.colcon_core.package_identification:_identify(Repos/testpwd/workspace/src/teleoperation) by extension 'colcon_meta'
[1.078s] Level 1:colcon.colcon_core.package_identification:_identify(Repos/testpwd/workspace/src/teleoperation) by extensions ['ros']
[1.079s] Level 1:colcon.colcon_core.package_identification:_identify(Repos/testpwd/workspace/src/teleoperation) by extension 'ros'
[1.082s] DEBUG:colcon.colcon_core.package_identification:Package 'Repos/testpwd/workspace/src/teleoperation' with type 'ros.ament_cmake' and name 'teleoperation'
[1.083s] Level 1:colcon.colcon_core.package_identification:_identify(Repos/testpwd/workspace/src/vision) by extensions ['ignore', 'ignore_ament_install']
[1.084s] Level 1:colcon.colcon_core.package_identification:_identify(Repos/testpwd/workspace/src/vision) by extension 'ignore'
[1.084s] Level 1:colcon.colcon_core.package_identification:_identify(Repos/testpwd/workspace/src/vision) by extension 'ignore_ament_install'
[1.084s] Level 1:colcon.colcon_core.package_identification:_identify(Repos/testpwd/workspace/src/vision) by extensions ['colcon_pkg']
[1.084s] Level 1:colcon.colcon_core.package_identification:_identify(Repos/testpwd/workspace/src/vision) by extension 'colcon_pkg'
[1.084s] Level 1:colcon.colcon_core.package_identification:_identify(Repos/testpwd/workspace/src/vision) by extensions ['colcon_meta']
[1.085s] Level 1:colcon.colcon_core.package_identification:_identify(Repos/testpwd/workspace/src/vision) by extension 'colcon_meta'
[1.085s] Level 1:colcon.colcon_core.package_identification:_identify(Repos/testpwd/workspace/src/vision) by extensions ['ros']
[1.085s] Level 1:colcon.colcon_core.package_identification:_identify(Repos/testpwd/workspace/src/vision) by extension 'ros'
[1.088s] DEBUG:colcon.colcon_core.package_identification:Package 'Repos/testpwd/workspace/src/vision' with type 'ros.ament_cmake' and name 'vision'
[1.089s] Level 1:colcon.colcon_core.package_identification:_identify(build) by extensions ['ignore', 'ignore_ament_install']
[1.089s] Level 1:colcon.colcon_core.package_identification:_identify(build) by extension 'ignore'
[1.090s] Level 1:colcon.colcon_core.package_identification:_identify(build) ignored
[1.090s] Level 1:colcon.colcon_core.package_identification:_identify(firmware) by extensions ['ignore', 'ignore_ament_install']
[1.090s] Level 1:colcon.colcon_core.package_identification:_identify(firmware) by extension 'ignore'
[1.090s] Level 1:colcon.colcon_core.package_identification:_identify(firmware) by extension 'ignore_ament_install'
[1.091s] Level 1:colcon.colcon_core.package_identification:_identify(firmware) by extensions ['colcon_pkg']
[1.091s] Level 1:colcon.colcon_core.package_identification:_identify(firmware) by extension 'colcon_pkg'
[1.091s] Level 1:colcon.colcon_core.package_identification:_identify(firmware) by extensions ['colcon_meta']
[1.091s] Level 1:colcon.colcon_core.package_identification:_identify(firmware) by extension 'colcon_meta'
[1.091s] Level 1:colcon.colcon_core.package_identification:_identify(firmware) by extensions ['ros']
[1.091s] Level 1:colcon.colcon_core.package_identification:_identify(firmware) by extension 'ros'
[1.092s] Level 1:colcon.colcon_core.package_identification:_identify(firmware) by extensions ['cmake', 'python']
[1.092s] Level 1:colcon.colcon_core.package_identification:_identify(firmware) by extension 'cmake'
[1.092s] Level 1:colcon.colcon_core.package_identification:_identify(firmware) by extension 'python'
[1.092s] Level 1:colcon.colcon_core.package_identification:_identify(firmware) by extensions ['python_setup_py']
[1.092s] Level 1:colcon.colcon_core.package_identification:_identify(firmware) by extension 'python_setup_py'
[1.093s] Level 1:colcon.colcon_core.package_identification:_identify(firmware/send) by extensions ['ignore', 'ignore_ament_install']
[1.093s] Level 1:colcon.colcon_core.package_identification:_identify(firmware/send) by extension 'ignore'
[1.093s] Level 1:colcon.colcon_core.package_identification:_identify(firmware/send) by extension 'ignore_ament_install'
[1.093s] Level 1:colcon.colcon_core.package_identification:_identify(firmware/send) by extensions ['colcon_pkg']
[1.094s] Level 1:colcon.colcon_core.package_identification:_identify(firmware/send) by extension 'colcon_pkg'
[1.094s] Level 1:colcon.colcon_core.package_identification:_identify(firmware/send) by extensions ['colcon_meta']
[1.094s] Level 1:colcon.colcon_core.package_identification:_identify(firmware/send) by extension 'colcon_meta'
[1.094s] Level 1:colcon.colcon_core.package_identification:_identify(firmware/send) by extensions ['ros']
[1.094s] Level 1:colcon.colcon_core.package_identification:_identify(firmware/send) by extension 'ros'
[1.095s] Level 1:colcon.colcon_core.package_identification:_identify(firmware/send) by extensions ['cmake', 'python']
[1.095s] Level 1:colcon.colcon_core.package_identification:_identify(firmware/send) by extension 'cmake'
[1.095s] Level 1:colcon.colcon_core.package_identification:_identify(firmware/send) by extension 'python'
[1.095s] Level 1:colcon.colcon_core.package_identification:_identify(firmware/send) by extensions ['python_setup_py']
[1.095s] Level 1:colcon.colcon_core.package_identification:_identify(firmware/send) by extension 'python_setup_py'
[1.096s] Level 1:colcon.colcon_core.package_identification:_identify(install) by extensions ['ignore', 'ignore_ament_install']
[1.096s] Level 1:colcon.colcon_core.package_identification:_identify(install) by extension 'ignore'
[1.096s] Level 1:colcon.colcon_core.package_identification:_identify(install) ignored
[1.097s] Level 1:colcon.colcon_core.package_identification:_identify(log) by extensions ['ignore', 'ignore_ament_install']
[1.097s] Level 1:colcon.colcon_core.package_identification:_identify(log) by extension 'ignore'
[1.097s] Level 1:colcon.colcon_core.package_identification:_identify(log) ignored
[1.097s] Level 1:colcon.colcon_core.package_identification:_identify(reminders) by extensions ['ignore', 'ignore_ament_install']
[1.098s] Level 1:colcon.colcon_core.package_identification:_identify(reminders) by extension 'ignore'
[1.098s] Level 1:colcon.colcon_core.package_identification:_identify(reminders) by extension 'ignore_ament_install'
[1.098s] Level 1:colcon.colcon_core.package_identification:_identify(reminders) by extensions ['colcon_pkg']
[1.098s] Level 1:colcon.colcon_core.package_identification:_identify(reminders) by extension 'colcon_pkg'
[1.098s] Level 1:colcon.colcon_core.package_identification:_identify(reminders) by extensions ['colcon_meta']
[1.099s] Level 1:colcon.colcon_core.package_identification:_identify(reminders) by extension 'colcon_meta'
[1.099s] Level 1:colcon.colcon_core.package_identification:_identify(reminders) by extensions ['ros']
[1.099s] Level 1:colcon.colcon_core.package_identification:_identify(reminders) by extension 'ros'
[1.099s] Level 1:colcon.colcon_core.package_identification:_identify(reminders) by extensions ['cmake', 'python']
[1.099s] Level 1:colcon.colcon_core.package_identification:_identify(reminders) by extension 'cmake'
[1.099s] Level 1:colcon.colcon_core.package_identification:_identify(reminders) by extension 'python'
[1.100s] Level 1:colcon.colcon_core.package_identification:_identify(reminders) by extensions ['python_setup_py']
[1.100s] Level 1:colcon.colcon_core.package_identification:_identify(reminders) by extension 'python_setup_py'
[1.100s] Level 1:colcon.colcon_core.package_identification:_identify(reminders/useless info) by extensions ['ignore', 'ignore_ament_install']
[1.100s] Level 1:colcon.colcon_core.package_identification:_identify(reminders/useless info) by extension 'ignore'
[1.101s] Level 1:colcon.colcon_core.package_identification:_identify(reminders/useless info) by extension 'ignore_ament_install'
[1.101s] Level 1:colcon.colcon_core.package_identification:_identify(reminders/useless info) by extensions ['colcon_pkg']
[1.101s] Level 1:colcon.colcon_core.package_identification:_identify(reminders/useless info) by extension 'colcon_pkg'
[1.101s] Level 1:colcon.colcon_core.package_identification:_identify(reminders/useless info) by extensions ['colcon_meta']
[1.101s] Level 1:colcon.colcon_core.package_identification:_identify(reminders/useless info) by extension 'colcon_meta'
[1.101s] Level 1:colcon.colcon_core.package_identification:_identify(reminders/useless info) by extensions ['ros']
[1.102s] Level 1:colcon.colcon_core.package_identification:_identify(reminders/useless info) by extension 'ros'
[1.102s] Level 1:colcon.colcon_core.package_identification:_identify(reminders/useless info) by extensions ['cmake', 'python']
[1.102s] Level 1:colcon.colcon_core.package_identification:_identify(reminders/useless info) by extension 'cmake'
[1.102s] Level 1:colcon.colcon_core.package_identification:_identify(reminders/useless info) by extension 'python'
[1.102s] Level 1:colcon.colcon_core.package_identification:_identify(reminders/useless info) by extensions ['python_setup_py']
[1.103s] Level 1:colcon.colcon_core.package_identification:_identify(reminders/useless info) by extension 'python_setup_py'
[1.103s] Level 1:colcon.colcon_core.package_identification:_identify(scripts) by extensions ['ignore', 'ignore_ament_install']
[1.103s] Level 1:colcon.colcon_core.package_identification:_identify(scripts) by extension 'ignore'
[1.103s] Level 1:colcon.colcon_core.package_identification:_identify(scripts) by extension 'ignore_ament_install'
[1.104s] Level 1:colcon.colcon_core.package_identification:_identify(scripts) by extensions ['colcon_pkg']
[1.104s] Level 1:colcon.colcon_core.package_identification:_identify(scripts) by extension 'colcon_pkg'
[1.104s] Level 1:colcon.colcon_core.package_identification:_identify(scripts) by extensions ['colcon_meta']
[1.104s] Level 1:colcon.colcon_core.package_identification:_identify(scripts) by extension 'colcon_meta'
[1.104s] Level 1:colcon.colcon_core.package_identification:_identify(scripts) by extensions ['ros']
[1.104s] Level 1:colcon.colcon_core.package_identification:_identify(scripts) by extension 'ros'
[1.105s] Level 1:colcon.colcon_core.package_identification:_identify(scripts) by extensions ['cmake', 'python']
[1.105s] Level 1:colcon.colcon_core.package_identification:_identify(scripts) by extension 'cmake'
[1.105s] Level 1:colcon.colcon_core.package_identification:_identify(scripts) by extension 'python'
[1.105s] Level 1:colcon.colcon_core.package_identification:_identify(scripts) by extensions ['python_setup_py']
[1.105s] Level 1:colcon.colcon_core.package_identification:_identify(scripts) by extension 'python_setup_py'
[1.105s] Level 1:colcon.colcon_core.package_discovery:discover_packages(recursive) using defaults
[1.106s] Level 1:colcon.colcon_core.package_discovery:discover_packages(ignore) discover
[1.106s] Level 1:colcon.colcon_core.package_discovery:discover_packages(ignore) using defaults
[1.106s] Level 1:colcon.colcon_core.package_discovery:discover_packages(path) discover
[1.106s] Level 1:colcon.colcon_core.package_discovery:discover_packages(path) using defaults
[1.194s] Level 1:colcon.colcon_core.package_discovery:discover_packages(prefix_path) check parameters
[1.194s] Level 1:colcon.colcon_core.package_discovery:discover_packages(prefix_path) discover
[1.198s] Level 1:colcon.colcon_core.package_discovery:discover_packages(prefix_path) using defaults
[1.201s] ERROR:colcon:colcon build: Duplicate package names not supported:
- hardware:
  - Repos/aesir/workspace/src/hardware
  - Repos/testpwd/workspace/src/hardware
- teleoperation:
  - Repos/aesir/workspace/src/teleoperation
  - Repos/testpwd/workspace/src/teleoperation
- vision:
  - Repos/aesir/workspace/src/vision
  - Repos/testpwd/workspace/src/vision
